Unity Editor version:    2020.3.21f1 (a38c86f6690f)
Branch:                  2020.3/staging
Build type:              Release
Batch mode:              YES
macOS version:           Version 11.4 (Build 20F71)
Darwin version:          20.5.0
Architecture:            x86_64
Running under Rosetta:   NO
Available memory:        8192 MB
Using pre-set license
Pro License: NO

COMMAND LINE ARGUMENTS:
/Users/oscar/Desktop/UNITY/2020.3.21f1/Unity.app/Contents/MacOS/Unity
-adb2
-batchMode
-noUpm
-name
AssetImportWorker0
-projectPath
/Users/oscar/Desktop/UNITY/SEAJAMGIT/SEAJAM/SEAJAM
-logFile
Logs/AssetImportWorker0.log
-srvPort
56801
Successfully changed project path to: /Users/oscar/Desktop/UNITY/SEAJAMGIT/SEAJAM/SEAJAM
/Users/oscar/Desktop/UNITY/SEAJAMGIT/SEAJAM/SEAJAM
Using Asset Import Pipeline V2.
Refreshing native plugins compatible for Editor in 53.38 ms, found 3 plugins.
Preloading 0 native plugins for Editor in 0.00 ms.
Initialize engine version: 2020.3.21f1 (a38c86f6690f)
[Subsystems] Discovering subsystems at path /Users/oscar/Desktop/UNITY/2020.3.21f1/Unity.app/Contents/Resources/UnitySubsystems
[Subsystems] Discovering subsystems at path /Users/oscar/Desktop/UNITY/SEAJAMGIT/SEAJAM/SEAJAM/Assets
GfxDevice: creating device client; threaded=0
2021-11-25 19:40:03.327 Unity[27003:891939] iMac preferred device: Intel(R) Iris(TM) Pro Graphics 6200 (low power)
2021-11-25 19:40:03.327 Unity[27003:891939] Metal devices available: 1
2021-11-25 19:40:03.328 Unity[27003:891939] 0: Intel(R) Iris(TM) Pro Graphics 6200 (low power)
2021-11-25 19:40:03.328 Unity[27003:891939] Using device Intel(R) Iris(TM) Pro Graphics 6200 (low power)
Initializing Metal device caps: Intel(R) Iris(TM) Pro Graphics 6200
Initialize mono
Mono path[0] = '/Users/oscar/Desktop/UNITY/2020.3.21f1/Unity.app/Contents/Managed'
Mono path[1] = '/Users/oscar/Desktop/UNITY/2020.3.21f1/Unity.app/Contents/MonoBleedingEdge/lib/mono/unityjit'
Mono config path = '/Users/oscar/Desktop/UNITY/2020.3.21f1/Unity.app/Contents/MonoBleedingEdge/etc'
Using monoOptions --debugger-agent=transport=dt_socket,embedding=1,server=y,suspend=n,address=127.0.0.1:56003
Begin MonoManager ReloadAssembly
Registering precompiled unity dll's ...
Register platform support module: /Users/oscar/Desktop/UNITY/2020.3.21f1/PlaybackEngines/WebGLSupport/UnityEditor.WebGL.Extensions.dll
Register platform support module: /Users/oscar/Desktop/UNITY/2020.3.21f1/Unity.app/Contents/PlaybackEngines/MacStandaloneSupport/UnityEditor.OSXStandalone.Extensions.dll
Register platform support module: /Users/oscar/Desktop/UNITY/2020.3.21f1/PlaybackEngines/WindowsStandaloneSupport/UnityEditor.WindowsStandalone.Extensions.dll
Registered in 0.003091 seconds.
Native extension for WindowsStandalone target not found
Native extension for OSXStandalone target not found
Native extension for WebGL target not found
Refreshing native plugins compatible for Editor in 49.75 ms, found 3 plugins.
Preloading 0 native plugins for Editor in 0.00 ms.
Mono: successfully reloaded assembly
- Completed reload, in  3.221 seconds
Domain Reload Profiling:
	ReloadAssembly (3221ms)
		BeginReloadAssembly (59ms)
			ExecutionOrderSort (0ms)
			DisableScriptedObjects (0ms)
			BackupInstance (0ms)
			ReleaseScriptingObjects (0ms)
			CreateAndSetChildDomain (1ms)
		EndReloadAssembly (642ms)
			LoadAssemblies (61ms)
			RebuildTransferFunctionScriptingTraits (0ms)
			SetupTypeCache (244ms)
			ReleaseScriptCaches (0ms)
			RebuildScriptCaches (49ms)
			SetupLoadedEditorAssemblies (233ms)
				LogAssemblyErrors (0ms)
				InitializePlatformSupportModulesInManaged (7ms)
				SetLoadedEditorAssemblies (0ms)
				RefreshPlugins (50ms)
				BeforeProcessingInitializeOnLoad (12ms)
				ProcessInitializeOnLoadAttributes (124ms)
				ProcessInitializeOnLoadMethodAttributes (39ms)
				AfterProcessingInitializeOnLoad (0ms)
				EditorAssembliesLoaded (0ms)
			ExecutionOrderSort2 (0ms)
			AwakeInstancesAfterBackupRestoration (0ms)
Platform modules already initialized, skipping
Registering precompiled user dll's ...
Registered in 0.006633 seconds.
Begin MonoManager ReloadAssembly
Native extension for WindowsStandalone target not found
Native extension for OSXStandalone target not found
Native extension for WebGL target not found
Refreshing native plugins compatible for Editor in 49.86 ms, found 3 plugins.
Preloading 0 native plugins for Editor in 0.00 ms.
Mono: successfully reloaded assembly
- Completed reload, in  1.625 seconds
Domain Reload Profiling:
	ReloadAssembly (1627ms)
		BeginReloadAssembly (205ms)
			ExecutionOrderSort (0ms)
			DisableScriptedObjects (6ms)
			BackupInstance (0ms)
			ReleaseScriptingObjects (0ms)
			CreateAndSetChildDomain (42ms)
		EndReloadAssembly (1335ms)
			LoadAssemblies (143ms)
			RebuildTransferFunctionScriptingTraits (0ms)
			SetupTypeCache (464ms)
			ReleaseScriptCaches (1ms)
			RebuildScriptCaches (74ms)
			SetupLoadedEditorAssemblies (483ms)
				LogAssemblyErrors (0ms)
				InitializePlatformSupportModulesInManaged (7ms)
				SetLoadedEditorAssemblies (0ms)
				RefreshPlugins (50ms)
				BeforeProcessingInitializeOnLoad (89ms)
				ProcessInitializeOnLoadAttributes (310ms)
				ProcessInitializeOnLoadMethodAttributes (24ms)
				AfterProcessingInitializeOnLoad (2ms)
				EditorAssembliesLoaded (0ms)
			ExecutionOrderSort2 (0ms)
			AwakeInstancesAfterBackupRestoration (9ms)
Platform modules already initialized, skipping
Validating Project structure ... 0.000228 seconds.
Shader import version has changed; will reimport all shaders...
Upgrading shader files ...0.000286 seconds.
Application.AssetDatabase Initial Script Refresh Start
RefreshInfo: InitialScriptRefreshV2(NoUpdateAssetOptions) scanfilter:  ... 1 filters
RefreshProfiler: Total: 0.000ms
Application.AssetDatabase Initial Script Refresh End
Application.AssetDatabase.Refresh Start
Application.AssetDatabase.Refresh End
RefreshInfo: StopAssetImportingV2(ForceSynchronousImport) scanfilter: 
RefreshProfiler: Total: 0.000ms
Launching external process: /Users/oscar/Desktop/UNITY/2020.3.21f1/Unity.app/Contents/Tools/UnityShaderCompiler
Launched and connected shader compiler UnityShaderCompiler after 0.02 seconds
Initializing Unity extensions:
========================================================================
Worker process is ready to serve import requests
Refreshing native plugins compatible for Editor in 0.38 ms, found 3 plugins.
Preloading 0 native plugins for Editor in 0.00 ms.
Unloading 2183 Unused Serialized files (Serialized files now loaded: 0)
System memory in use before: 199.6 MB.
System memory in use after: 198.9 MB.

Unloading 101 unused Assets to reduce memory usage. Loaded Objects now: 2655.
Total: 4.881930 ms (FindLiveObjects: 0.265381 ms CreateObjectMapping: 0.123902 ms MarkObjects: 3.966325 ms  DeleteObjects: 0.525258 ms)

AssetImportParameters requested are different than current active one (requested -> active):
  custom:video-decoder-ogg-theora: a1e56fd34408186e4bbccfd4996cb3dc -> 
  custom:container-muxer-webm: aa71ff27fc2769a1b78a27578f13a17b -> 
  custom:container-demuxer-webm: 4f35f7cbe854078d1ac9338744f61a02 -> 
  custom:container-demuxer-ogg: 62fdf1f143b41e24485cea50d1cbac27 -> 
  custom:video-encoder-webm-vp8: eb34c28f22e8b96e1ab97ce403110664 -> 
  custom:framework-osx-AVFoundation: e770b220cccbd017edd2c1fefb359320 -> 
  custom:video-decoder-webm-vp8: 9c59270c3fd7afecdb556c50c9e8de78 -> 
  custom:audio-decoder-ogg-vorbis: bf7c407c2cedff20999df2af8eb42d56 -> 
  custom:audio-encoder-webm-vorbis: bf7c407c2cedff20999df2af8eb42d56 -> 
========================================================================
Received Import Request.
  path: Assets/Background.png
  artifactKey: Guid(6f257dbfe92d54fe7a472d8c7391acb5) Importer(815301076,1909f56bfc062723c751e8b465ee728b)
Start importing Assets/Background.png using Guid(6f257dbfe92d54fe7a472d8c7391acb5) Importer(815301076,1909f56bfc062723c751e8b465ee728b)  -> (artifact id: '098d54dc972e823d31cedd5859df2e8f') in 1.205046 seconds 
  Import took 1.211001 seconds .

========================================================================
Received Import Request.
  Time since last request: 0.005386 seconds.
  path: Assets/Assets
  artifactKey: Guid(e4e321f8f24884ca1af18b2d646cf725) Importer(815301076,1909f56bfc062723c751e8b465ee728b)
Start importing Assets/Assets using Guid(e4e321f8f24884ca1af18b2d646cf725) Importer(815301076,1909f56bfc062723c751e8b465ee728b)  -> (artifact id: '029b4f26f7dc9ad7dfb5df4d9cf75e52') in 0.001839 seconds 
  Import took 0.005883 seconds .

========================================================================
Received Import Request.
  Time since last request: 74.098003 seconds.
  path: Assets/Assets/Background.png
  artifactKey: Guid(6f257dbfe92d54fe7a472d8c7391acb5) Importer(815301076,1909f56bfc062723c751e8b465ee728b)
Start importing Assets/Assets/Background.png using Guid(6f257dbfe92d54fe7a472d8c7391acb5) Importer(815301076,1909f56bfc062723c751e8b465ee728b)  -> (artifact id: 'e615015ab71c669c51e5be12e40d5072') in 0.015991 seconds 
  Import took 0.020849 seconds .

========================================================================
Received Import Request.
  Time since last request: 628.943619 seconds.
  path: Assets/Assets/recycle_items.png
  artifactKey: Guid(ac382b8cf8a964c76a0efee85a5c5c57) Importer(815301076,1909f56bfc062723c751e8b465ee728b)
Start importing Assets/Assets/recycle_items.png using Guid(ac382b8cf8a964c76a0efee85a5c5c57) Importer(815301076,1909f56bfc062723c751e8b465ee728b)  -> (artifact id: 'e77baea8e9a764dda9c5ea3d6df756dd') in 0.017639 seconds 
  Import took 0.022722 seconds .

========================================================================
Received Import Request.
  Time since last request: 6.305347 seconds.
  path: Assets/Assets/recycle_items.png
  artifactKey: Guid(ac382b8cf8a964c76a0efee85a5c5c57) Importer(815301076,1909f56bfc062723c751e8b465ee728b)
Start importing Assets/Assets/recycle_items.png using Guid(ac382b8cf8a964c76a0efee85a5c5c57) Importer(815301076,1909f56bfc062723c751e8b465ee728b)  -> (artifact id: '1f96e181dbfcc19472f36e8bdb35aec2') in 0.012943 seconds 
  Import took 0.017760 seconds .

========================================================================
Received Import Request.
  Time since last request: 25.132578 seconds.
  path: Assets/Assets/recycle_items.png
  artifactKey: Guid(ac382b8cf8a964c76a0efee85a5c5c57) Importer(815301076,1909f56bfc062723c751e8b465ee728b)
Start importing Assets/Assets/recycle_items.png using Guid(ac382b8cf8a964c76a0efee85a5c5c57) Importer(815301076,1909f56bfc062723c751e8b465ee728b)  -> (artifact id: 'b5b05cb2bd6905f13d7061d59836dd38') in 0.076707 seconds 
  Import took 0.081591 seconds .

========================================================================
Received Prepare
Registering precompiled user dll's ...
Registered in 0.004187 seconds.
Begin MonoManager ReloadAssembly
Native extension for WindowsStandalone target not found
Native extension for OSXStandalone target not found
Native extension for WebGL target not found
Refreshing native plugins compatible for Editor in 0.62 ms, found 3 plugins.
Preloading 0 native plugins for Editor in 0.00 ms.
[ScriptCompilation] NOT recompiling all scripts because this is an import worker process. Reason to compile was: Define symbols changed
Mono: successfully reloaded assembly
- Completed reload, in  1.727 seconds
Domain Reload Profiling:
	ReloadAssembly (1727ms)
		BeginReloadAssembly (170ms)
			ExecutionOrderSort (0ms)
			DisableScriptedObjects (10ms)
			BackupInstance (0ms)
			ReleaseScriptingObjects (0ms)
			CreateAndSetChildDomain (96ms)
		EndReloadAssembly (1463ms)
			LoadAssemblies (118ms)
			RebuildTransferFunctionScriptingTraits (0ms)
			SetupTypeCache (562ms)
			ReleaseScriptCaches (2ms)
			RebuildScriptCaches (87ms)
			SetupLoadedEditorAssemblies (461ms)
				LogAssemblyErrors (0ms)
				InitializePlatformSupportModulesInManaged (9ms)
				SetLoadedEditorAssemblies (1ms)
				RefreshPlugins (1ms)
				BeforeProcessingInitializeOnLoad (156ms)
				ProcessInitializeOnLoadAttributes (280ms)
				ProcessInitializeOnLoadMethodAttributes (12ms)
				AfterProcessingInitializeOnLoad (2ms)
				EditorAssembliesLoaded (0ms)
			ExecutionOrderSort2 (0ms)
			AwakeInstancesAfterBackupRestoration (12ms)
Platform modules already initialized, skipping
Refreshing native plugins compatible for Editor in 0.54 ms, found 3 plugins.
Preloading 0 native plugins for Editor in 0.00 ms.
Unloading 2304 Unused Serialized files (Serialized files now loaded: 0)
System memory in use before: 212.9 MB.
System memory in use after: 210.4 MB.

Unloading 58 unused Assets to reduce memory usage. Loaded Objects now: 2801.
Total: 5.829836 ms (FindLiveObjects: 0.364803 ms CreateObjectMapping: 0.266256 ms MarkObjects: 4.082512 ms  DeleteObjects: 1.114588 ms)

AssetImportParameters requested are different than current active one (requested -> active):
  custom:video-decoder-ogg-theora: a1e56fd34408186e4bbccfd4996cb3dc -> 
  custom:container-muxer-webm: aa71ff27fc2769a1b78a27578f13a17b -> 
  custom:container-demuxer-webm: 4f35f7cbe854078d1ac9338744f61a02 -> 
  custom:container-demuxer-ogg: 62fdf1f143b41e24485cea50d1cbac27 -> 
  custom:video-encoder-webm-vp8: eb34c28f22e8b96e1ab97ce403110664 -> 
  custom:framework-osx-AVFoundation: e770b220cccbd017edd2c1fefb359320 -> 
  custom:video-decoder-webm-vp8: 9c59270c3fd7afecdb556c50c9e8de78 -> 
  custom:audio-decoder-ogg-vorbis: bf7c407c2cedff20999df2af8eb42d56 -> 
  custom:audio-encoder-webm-vorbis: bf7c407c2cedff20999df2af8eb42d56 -> 
========================================================================
Received Import Request.
  Time since last request: 470.583147 seconds.
  path: Assets/TextMesh Pro
  artifactKey: Guid(f54d1bd14bd3ca042bd867b519fee8cc) Importer(815301076,1909f56bfc062723c751e8b465ee728b)
Start importing Assets/TextMesh Pro using Guid(f54d1bd14bd3ca042bd867b519fee8cc) Importer(815301076,1909f56bfc062723c751e8b465ee728b)  -> (artifact id: '16b4cbde9565bf190136f1148817e1ea') in 0.007219 seconds 
  Import took 0.012493 seconds .

========================================================================
Received Import Request.
  Time since last request: 2.114560 seconds.
  path: Assets/TextMesh Pro/Shaders
  artifactKey: Guid(e9f693669af91aa45ad615fc681ed29f) Importer(815301076,1909f56bfc062723c751e8b465ee728b)
Start importing Assets/TextMesh Pro/Shaders using Guid(e9f693669af91aa45ad615fc681ed29f) Importer(815301076,1909f56bfc062723c751e8b465ee728b)  -> (artifact id: '486066d15e4e2d1f404625b357b63227') in 0.002092 seconds 
  Import took 0.006474 seconds .

========================================================================
Received Import Request.
  Time since last request: 3.351027 seconds.
  path: Assets/Scenes/SampleScene_Profiles
  artifactKey: Guid(c7447a34b5e9d46c4ae4e3413f914f99) Importer(815301076,1909f56bfc062723c751e8b465ee728b)
Start importing Assets/Scenes/SampleScene_Profiles using Guid(c7447a34b5e9d46c4ae4e3413f914f99) Importer(815301076,1909f56bfc062723c751e8b465ee728b)  -> (artifact id: '32bc4fda0aa73e96a248fee9f7998db6') in 0.006661 seconds 
  Import took 0.011438 seconds .

========================================================================
Received Import Request.
  Time since last request: 0.051008 seconds.
  path: Assets/Scenes/SampleScene_Profiles/Main Camera Profile.asset
  artifactKey: Guid(4ae412d08804746c79934374246abc8b) Importer(815301076,1909f56bfc062723c751e8b465ee728b)
Start importing Assets/Scenes/SampleScene_Profiles/Main Camera Profile.asset using Guid(4ae412d08804746c79934374246abc8b) Importer(815301076,1909f56bfc062723c751e8b465ee728b)  -> (artifact id: 'e92e46656b75239b132716dadc2bd879') in 0.845806 seconds 
  Import took 0.850065 seconds .

========================================================================
Received Import Request.
  Time since last request: 4.569209 seconds.
  path: Assets/TextMesh Pro/Sprites/EmojiOne.png
  artifactKey: Guid(dffef66376be4fa480fb02b19edbe903) Importer(815301076,1909f56bfc062723c751e8b465ee728b)
Start importing Assets/TextMesh Pro/Sprites/EmojiOne.png using Guid(dffef66376be4fa480fb02b19edbe903) Importer(815301076,1909f56bfc062723c751e8b465ee728b)  -> (artifact id: 'd78a27303d38c5bc73b55289faa0930d') in 0.032244 seconds 
  Import took 0.036211 seconds .

========================================================================
Received Import Request.
  Time since last request: 0.000324 seconds.
  path: Assets/TextMesh Pro/Resources/Fonts & Materials/LiberationSans SDF - Fallback.asset
  artifactKey: Guid(2e498d1c8094910479dc3e1b768306a4) Importer(815301076,1909f56bfc062723c751e8b465ee728b)
Start importing Assets/TextMesh Pro/Resources/Fonts & Materials/LiberationSans SDF - Fallback.asset using Guid(2e498d1c8094910479dc3e1b768306a4) Importer(815301076,1909f56bfc062723c751e8b465ee728b)  -> (artifact id: 'b8c2210586957436df79bf961aeff06e') in 0.120033 seconds 
  Import took 0.124387 seconds .

========================================================================
Received Import Request.
  Time since last request: 0.000265 seconds.
  path: Assets/TextMesh Pro/Resources/Fonts & Materials/LiberationSans SDF.asset
  artifactKey: Guid(8f586378b4e144a9851e7b34d9b748ee) Importer(815301076,1909f56bfc062723c751e8b465ee728b)
Start importing Assets/TextMesh Pro/Resources/Fonts & Materials/LiberationSans SDF.asset using Guid(8f586378b4e144a9851e7b34d9b748ee) Importer(815301076,1909f56bfc062723c751e8b465ee728b)  -> (artifact id: 'f1280cc7be10b532b2897fc8654f95d3') in 0.046634 seconds 
  Import took 0.050922 seconds .

========================================================================
Received Import Request.
  Time since last request: 594.559529 seconds.
  path: Assets/Assets/BackgroundNEW.png
  artifactKey: Guid(9eb006dec1d23417a96501401729313f) Importer(815301076,1909f56bfc062723c751e8b465ee728b)
Start importing Assets/Assets/BackgroundNEW.png using Guid(9eb006dec1d23417a96501401729313f) Importer(815301076,1909f56bfc062723c751e8b465ee728b)  -> (artifact id: 'ab580509f55c54c0c9f494ef3d786cd1') in 0.026606 seconds 
  Import took 0.031803 seconds .

========================================================================
Received Import Request.
  Time since last request: 5.631472 seconds.
  path: Assets/Assets/BackgroundNEW.png
  artifactKey: Guid(9eb006dec1d23417a96501401729313f) Importer(815301076,1909f56bfc062723c751e8b465ee728b)
Start importing Assets/Assets/BackgroundNEW.png using Guid(9eb006dec1d23417a96501401729313f) Importer(815301076,1909f56bfc062723c751e8b465ee728b)  -> (artifact id: '01c60182163b65b188a634222e6b824f') in 0.017193 seconds 
  Import took 0.022523 seconds .

========================================================================
Received Import Request.
  Time since last request: 949.913146 seconds.
  path: Assets/PREFABS
  artifactKey: Guid(77f2d10e5fa3b41fba3b6cd8ace5049d) Importer(815301076,1909f56bfc062723c751e8b465ee728b)
Start importing Assets/PREFABS using Guid(77f2d10e5fa3b41fba3b6cd8ace5049d) Importer(815301076,1909f56bfc062723c751e8b465ee728b)  -> (artifact id: '08c6741cf5f1b0ba5ec6399874c7d0f3') in 0.003582 seconds 
  Import took 0.009292 seconds .

========================================================================
Received Import Request.
  Time since last request: 47.841853 seconds.
  path: Assets/PREFABS/Bottle.prefab
  artifactKey: Guid(61b2d79f35c8f4cd2a26ceb4c0f6f643) Importer(815301076,1909f56bfc062723c751e8b465ee728b)
Start importing Assets/PREFABS/Bottle.prefab using Guid(61b2d79f35c8f4cd2a26ceb4c0f6f643) Importer(815301076,1909f56bfc062723c751e8b465ee728b)  -> (artifact id: '704cc4d7a29f708eaed5a76e369f7e60') in 0.527340 seconds 
  Import took 0.532108 seconds .

========================================================================
Received Import Request.
  Time since last request: 32.532853 seconds.
  path: Assets/PREFABS/Milk.prefab
  artifactKey: Guid(b0899bc3e905e47a0ba00445af5dc0fc) Importer(815301076,1909f56bfc062723c751e8b465ee728b)
Start importing Assets/PREFABS/Milk.prefab using Guid(b0899bc3e905e47a0ba00445af5dc0fc) Importer(815301076,1909f56bfc062723c751e8b465ee728b)  -> (artifact id: '5dbad6fe01c08dcfb664dc18ba867a0c') in 0.014565 seconds 
  Import took 0.021059 seconds .

========================================================================
Received Import Request.
  Time since last request: 36.214709 seconds.
  path: Assets/PREFABS/Ketchup.prefab
  artifactKey: Guid(5611af2779ca14f14af456b2c2da4552) Importer(815301076,1909f56bfc062723c751e8b465ee728b)
Start importing Assets/PREFABS/Ketchup.prefab using Guid(5611af2779ca14f14af456b2c2da4552) Importer(815301076,1909f56bfc062723c751e8b465ee728b)  -> (artifact id: '4343f0e8fa4a14e7b22a1c8d75f08e68') in 0.032685 seconds 
  Import took 0.037217 seconds .

========================================================================
Received Import Request.
  Time since last request: 49.703973 seconds.
  path: Assets/PREFABS/Cardboard.prefab
  artifactKey: Guid(49996be33e2984b8cb0f870b91948b78) Importer(815301076,1909f56bfc062723c751e8b465ee728b)
Start importing Assets/PREFABS/Cardboard.prefab using Guid(49996be33e2984b8cb0f870b91948b78) Importer(815301076,1909f56bfc062723c751e8b465ee728b)  -> (artifact id: 'ce0cd0bdf90409f1ade66966adea9136') in 0.015890 seconds 
  Import took 0.020574 seconds .

========================================================================
Received Import Request.
  Time since last request: 67.872807 seconds.
  path: Assets/PREFABS/Newspaper.prefab
  artifactKey: Guid(49f3bdd555fea4959a3883433044d379) Importer(815301076,1909f56bfc062723c751e8b465ee728b)
Start importing Assets/PREFABS/Newspaper.prefab using Guid(49f3bdd555fea4959a3883433044d379) Importer(815301076,1909f56bfc062723c751e8b465ee728b)  -> (artifact id: '71450df5e396a46983dd804f1b82ca00') in 0.015226 seconds 
  Import took 0.020787 seconds .

========================================================================
Received Import Request.
  Time since last request: 78.675063 seconds.
  path: Assets/PREFABS/PaperBag.prefab
  artifactKey: Guid(b251c5c1ec0c14ab29a435a454e345e3) Importer(815301076,1909f56bfc062723c751e8b465ee728b)
Start importing Assets/PREFABS/PaperBag.prefab using Guid(b251c5c1ec0c14ab29a435a454e345e3) Importer(815301076,1909f56bfc062723c751e8b465ee728b)  -> (artifact id: '90ee55af54ada53249fca47abaec7c1d') in 0.017608 seconds 
  Import took 0.022410 seconds .

========================================================================
Received Import Request.
  Time since last request: 13.853108 seconds.
  path: Assets/PREFABS/GlassSoda.prefab
  artifactKey: Guid(ed1096078c1864965a1eb699354db00e) Importer(815301076,1909f56bfc062723c751e8b465ee728b)
Start importing Assets/PREFABS/GlassSoda.prefab using Guid(ed1096078c1864965a1eb699354db00e) Importer(815301076,1909f56bfc062723c751e8b465ee728b)  -> (artifact id: 'bd371aacd7a4f308b7f5f4fe15d7c4f1') in 0.015465 seconds 
  Import took 0.020724 seconds .

========================================================================
Received Import Request.
  Time since last request: 12.132913 seconds.
  path: Assets/PREFABS/MasonJar.prefab
  artifactKey: Guid(b0bde1e6f50364750a2f8c8dfce2e88f) Importer(815301076,1909f56bfc062723c751e8b465ee728b)
Start importing Assets/PREFABS/MasonJar.prefab using Guid(b0bde1e6f50364750a2f8c8dfce2e88f) Importer(815301076,1909f56bfc062723c751e8b465ee728b)  -> (artifact id: 'f3df69ce1fcb4cfc738109bd044ed7d8') in 0.014933 seconds 
  Import took 0.020635 seconds .

========================================================================
Received Import Request.
  Time since last request: 10.744243 seconds.
  path: Assets/PREFABS/BeerBottle.prefab
  artifactKey: Guid(2a46ad198835e47be9181dac44f304b4) Importer(815301076,1909f56bfc062723c751e8b465ee728b)
Start importing Assets/PREFABS/BeerBottle.prefab using Guid(2a46ad198835e47be9181dac44f304b4) Importer(815301076,1909f56bfc062723c751e8b465ee728b)  -> (artifact id: 'c1eb3d20462652b3d289c654f9f555ec') in 0.035295 seconds 
  Import took 0.041038 seconds .

========================================================================
Received Import Request.
  Time since last request: 9.866206 seconds.
  path: Assets/PREFABS/TunaTin.prefab
  artifactKey: Guid(f40f8ceb3041c40d7af4911f1c261ad9) Importer(815301076,1909f56bfc062723c751e8b465ee728b)
Start importing Assets/PREFABS/TunaTin.prefab using Guid(f40f8ceb3041c40d7af4911f1c261ad9) Importer(815301076,1909f56bfc062723c751e8b465ee728b)  -> (artifact id: '1b4c19955dc17851acf0b5c46797d603') in 0.016250 seconds 
  Import took 0.022060 seconds .

========================================================================
Received Import Request.
  Time since last request: 23.158220 seconds.
  path: Assets/PREFABS/LargeTin.prefab
  artifactKey: Guid(ef5e006efcf224f0a83c7d26a002cae5) Importer(815301076,1909f56bfc062723c751e8b465ee728b)
Start importing Assets/PREFABS/LargeTin.prefab using Guid(ef5e006efcf224f0a83c7d26a002cae5) Importer(815301076,1909f56bfc062723c751e8b465ee728b)  -> (artifact id: '49d43b0cc4ae176f633c5e86a7082722') in 0.014255 seconds 
  Import took 0.020059 seconds .

========================================================================
Received Import Request.
  Time since last request: 9.231420 seconds.
  path: Assets/PREFABS/SodaCan.prefab
  artifactKey: Guid(dd04c3ecb477b4461b91a52540f193bc) Importer(815301076,1909f56bfc062723c751e8b465ee728b)
Start importing Assets/PREFABS/SodaCan.prefab using Guid(dd04c3ecb477b4461b91a52540f193bc) Importer(815301076,1909f56bfc062723c751e8b465ee728b)  -> (artifact id: '5b255b6ee6b4e78592bc88c0ae4cce34') in 0.017265 seconds 
  Import took 0.022289 seconds .

========================================================================
Received Import Request.
  Time since last request: 16.896419 seconds.
  path: Assets/PREFABS/FoamSoda.prefab
  artifactKey: Guid(813913850ff9a44d3bea139ccbafdc5a) Importer(815301076,1909f56bfc062723c751e8b465ee728b)
Start importing Assets/PREFABS/FoamSoda.prefab using Guid(813913850ff9a44d3bea139ccbafdc5a) Importer(815301076,1909f56bfc062723c751e8b465ee728b)  -> (artifact id: '4e73dccbe310a5faea5e2b5fdefd08b6') in 0.027174 seconds 
  Import took 0.031416 seconds .

========================================================================
Received Import Request.
  Time since last request: 18.572694 seconds.
  path: Assets/PREFABS/PizzaBox.prefab
  artifactKey: Guid(fe1f5735b4b5f4c0aa61bca228e13308) Importer(815301076,1909f56bfc062723c751e8b465ee728b)
Start importing Assets/PREFABS/PizzaBox.prefab using Guid(fe1f5735b4b5f4c0aa61bca228e13308) Importer(815301076,1909f56bfc062723c751e8b465ee728b)  -> (artifact id: '856986f379bab2ce97311e522a35b809') in 0.033959 seconds 
  Import took 0.041059 seconds .

========================================================================
Received Import Request.
  Time since last request: 25.244640 seconds.
  path: Assets/PREFABS/CrackedMug.prefab
  artifactKey: Guid(6317972f8634c4c3386753323c6a443d) Importer(815301076,1909f56bfc062723c751e8b465ee728b)
Start importing Assets/PREFABS/CrackedMug.prefab using Guid(6317972f8634c4c3386753323c6a443d) Importer(815301076,1909f56bfc062723c751e8b465ee728b)  -> (artifact id: 'fe4ac35df74f5c6faad102d83b57b7e9') in 0.015372 seconds 
  Import took 0.020088 seconds .

========================================================================
Received Import Request.
  Time since last request: 154.165338 seconds.
  path: Assets/PREFABS/SprayCan.prefab
  artifactKey: Guid(9305958f87f2a401fadf438cffd3fe6f) Importer(815301076,1909f56bfc062723c751e8b465ee728b)
Start importing Assets/PREFABS/SprayCan.prefab using Guid(9305958f87f2a401fadf438cffd3fe6f) Importer(815301076,1909f56bfc062723c751e8b465ee728b)  -> (artifact id: 'a636c1cb8a6d45b66177c0a91b05d0a2') in 0.040488 seconds 
  Import took 0.055960 seconds .

========================================================================
Received Import Request.
  Time since last request: 15.137567 seconds.
  path: Assets/PREFABS/PaperBag.prefab
  artifactKey: Guid(b251c5c1ec0c14ab29a435a454e345e3) Importer(815301076,1909f56bfc062723c751e8b465ee728b)
Start importing Assets/PREFABS/PaperBag.prefab using Guid(b251c5c1ec0c14ab29a435a454e345e3) Importer(815301076,1909f56bfc062723c751e8b465ee728b)  -> (artifact id: '609d0da8da4aed20aaec09d1bc847ca2') in 0.016723 seconds 
  Import took 0.024443 seconds .

========================================================================
Received Import Request.
  Time since last request: 4.229688 seconds.
  path: Assets/PREFABS/PaperBag.prefab
  artifactKey: Guid(b251c5c1ec0c14ab29a435a454e345e3) Importer(815301076,1909f56bfc062723c751e8b465ee728b)
Start importing Assets/PREFABS/PaperBag.prefab using Guid(b251c5c1ec0c14ab29a435a454e345e3) Importer(815301076,1909f56bfc062723c751e8b465ee728b)  -> (artifact id: '8ea8ed6533efff6978425d15b45f4343') in 0.013972 seconds 
  Import took 0.018940 seconds .

========================================================================
Received Import Request.
  Time since last request: 82.870012 seconds.
  path: Assets/Scripts
  artifactKey: Guid(0c3e46801959f4b1ca0eabae6fe5143d) Importer(815301076,1909f56bfc062723c751e8b465ee728b)
Start importing Assets/Scripts using Guid(0c3e46801959f4b1ca0eabae6fe5143d) Importer(815301076,1909f56bfc062723c751e8b465ee728b)  -> (artifact id: '11e9889406575c165d8dd5f253a8d952') in 0.002956 seconds 
  Import took 0.008077 seconds .

========================================================================
Received Import Request.
  Time since last request: 11.060888 seconds.
  path: Assets/Scripts/FishSpawnHandle.cs
  artifactKey: Guid(dce6a34268a2b4ef8ab537a0e1a39bd0) Importer(815301076,1909f56bfc062723c751e8b465ee728b)
Start importing Assets/Scripts/FishSpawnHandle.cs using Guid(dce6a34268a2b4ef8ab537a0e1a39bd0) Importer(815301076,1909f56bfc062723c751e8b465ee728b)  -> (artifact id: 'e7011ba777191e99644560cb243e3036') in 0.462082 seconds 
  Import took 0.466376 seconds .

========================================================================
Received Prepare
Registering precompiled user dll's ...
Registered in 0.005787 seconds.
Begin MonoManager ReloadAssembly
Native extension for WindowsStandalone target not found
Native extension for OSXStandalone target not found
Native extension for WebGL target not found
Refreshing native plugins compatible for Editor in 0.57 ms, found 3 plugins.
Preloading 0 native plugins for Editor in 0.00 ms.
Mono: successfully reloaded assembly
- Completed reload, in  1.650 seconds
Domain Reload Profiling:
	ReloadAssembly (1651ms)
		BeginReloadAssembly (238ms)
			ExecutionOrderSort (0ms)
			DisableScriptedObjects (12ms)
			BackupInstance (0ms)
			ReleaseScriptingObjects (0ms)
			CreateAndSetChildDomain (139ms)
		EndReloadAssembly (1321ms)
			LoadAssemblies (110ms)
			RebuildTransferFunctionScriptingTraits (0ms)
			SetupTypeCache (491ms)
			ReleaseScriptCaches (1ms)
			RebuildScriptCaches (69ms)
			SetupLoadedEditorAssemblies (446ms)
				LogAssemblyErrors (0ms)
				InitializePlatformSupportModulesInManaged (8ms)
				SetLoadedEditorAssemblies (1ms)
				RefreshPlugins (1ms)
				BeforeProcessingInitializeOnLoad (151ms)
				ProcessInitializeOnLoadAttributes (271ms)
				ProcessInitializeOnLoadMethodAttributes (13ms)
				AfterProcessingInitializeOnLoad (2ms)
				EditorAssembliesLoaded (0ms)
			ExecutionOrderSort2 (0ms)
			AwakeInstancesAfterBackupRestoration (21ms)
Platform modules already initialized, skipping
Refreshing native plugins compatible for Editor in 0.57 ms, found 3 plugins.
Preloading 0 native plugins for Editor in 0.00 ms.
Unloading 2305 Unused Serialized files (Serialized files now loaded: 0)
System memory in use before: 227.3 MB.
System memory in use after: 224.9 MB.

Unloading 56 unused Assets to reduce memory usage. Loaded Objects now: 2858.
Total: 4.624043 ms (FindLiveObjects: 0.291376 ms CreateObjectMapping: 0.120062 ms MarkObjects: 3.304098 ms  DeleteObjects: 0.907722 ms)

AssetImportParameters requested are different than current active one (requested -> active):
  custom:video-decoder-ogg-theora: a1e56fd34408186e4bbccfd4996cb3dc -> 
  custom:container-muxer-webm: aa71ff27fc2769a1b78a27578f13a17b -> 
  custom:container-demuxer-webm: 4f35f7cbe854078d1ac9338744f61a02 -> 
  custom:container-demuxer-ogg: 62fdf1f143b41e24485cea50d1cbac27 -> 
  custom:video-encoder-webm-vp8: eb34c28f22e8b96e1ab97ce403110664 -> 
  custom:framework-osx-AVFoundation: e770b220cccbd017edd2c1fefb359320 -> 
  custom:video-decoder-webm-vp8: 9c59270c3fd7afecdb556c50c9e8de78 -> 
  custom:audio-decoder-ogg-vorbis: bf7c407c2cedff20999df2af8eb42d56 -> 
  custom:audio-encoder-webm-vorbis: bf7c407c2cedff20999df2af8eb42d56 -> 
========================================================================
Received Import Request.
  Time since last request: 802.891201 seconds.
  path: Assets/Scripts/FishSpawnHandle.cs
  artifactKey: Guid(dce6a34268a2b4ef8ab537a0e1a39bd0) Importer(815301076,1909f56bfc062723c751e8b465ee728b)
Start importing Assets/Scripts/FishSpawnHandle.cs using Guid(dce6a34268a2b4ef8ab537a0e1a39bd0) Importer(815301076,1909f56bfc062723c751e8b465ee728b)  -> (artifact id: '10ff61f68b52bbf3f63975d0a570e45c') in 0.106945 seconds 
  Import took 0.200879 seconds .

========================================================================
Received Prepare
Registering precompiled user dll's ...
Registered in 0.006054 seconds.
Begin MonoManager ReloadAssembly
Native extension for WindowsStandalone target not found
Native extension for OSXStandalone target not found
Native extension for WebGL target not found
Refreshing native plugins compatible for Editor in 0.56 ms, found 3 plugins.
Preloading 0 native plugins for Editor in 0.00 ms.
Mono: successfully reloaded assembly
- Completed reload, in  1.706 seconds
Domain Reload Profiling:
	ReloadAssembly (1707ms)
		BeginReloadAssembly (248ms)
			ExecutionOrderSort (0ms)
			DisableScriptedObjects (18ms)
			BackupInstance (0ms)
			ReleaseScriptingObjects (0ms)
			CreateAndSetChildDomain (152ms)
		EndReloadAssembly (1369ms)
			LoadAssemblies (108ms)
			RebuildTransferFunctionScriptingTraits (0ms)
			SetupTypeCache (514ms)
			ReleaseScriptCaches (1ms)
			RebuildScriptCaches (73ms)
			SetupLoadedEditorAssemblies (456ms)
				LogAssemblyErrors (0ms)
				InitializePlatformSupportModulesInManaged (9ms)
				SetLoadedEditorAssemblies (1ms)
				RefreshPlugins (1ms)
				BeforeProcessingInitializeOnLoad (155ms)
				ProcessInitializeOnLoadAttributes (277ms)
				ProcessInitializeOnLoadMethodAttributes (13ms)
				AfterProcessingInitializeOnLoad (2ms)
				EditorAssembliesLoaded (0ms)
			ExecutionOrderSort2 (0ms)
			AwakeInstancesAfterBackupRestoration (22ms)
Platform modules already initialized, skipping
Refreshing native plugins compatible for Editor in 0.55 ms, found 3 plugins.
Preloading 0 native plugins for Editor in 0.00 ms.
Unloading 2304 Unused Serialized files (Serialized files now loaded: 0)
System memory in use before: 227.5 MB.
System memory in use after: 225.1 MB.

Unloading 56 unused Assets to reduce memory usage. Loaded Objects now: 2871.
Total: 4.728392 ms (FindLiveObjects: 0.318236 ms CreateObjectMapping: 0.090934 ms MarkObjects: 3.284804 ms  DeleteObjects: 1.033472 ms)

AssetImportParameters requested are different than current active one (requested -> active):
  custom:video-decoder-ogg-theora: a1e56fd34408186e4bbccfd4996cb3dc -> 
  custom:container-muxer-webm: aa71ff27fc2769a1b78a27578f13a17b -> 
  custom:container-demuxer-webm: 4f35f7cbe854078d1ac9338744f61a02 -> 
  custom:container-demuxer-ogg: 62fdf1f143b41e24485cea50d1cbac27 -> 
  custom:video-encoder-webm-vp8: eb34c28f22e8b96e1ab97ce403110664 -> 
  custom:framework-osx-AVFoundation: e770b220cccbd017edd2c1fefb359320 -> 
  custom:video-decoder-webm-vp8: 9c59270c3fd7afecdb556c50c9e8de78 -> 
  custom:audio-decoder-ogg-vorbis: bf7c407c2cedff20999df2af8eb42d56 -> 
  custom:audio-encoder-webm-vorbis: bf7c407c2cedff20999df2af8eb42d56 -> 
========================================================================
Received Prepare
Registering precompiled user dll's ...
Registered in 0.007560 seconds.
Begin MonoManager ReloadAssembly
Native extension for WindowsStandalone target not found
Native extension for OSXStandalone target not found
Native extension for WebGL target not found
Refreshing native plugins compatible for Editor in 0.58 ms, found 3 plugins.
Preloading 0 native plugins for Editor in 0.00 ms.
Mono: successfully reloaded assembly
- Completed reload, in  1.588 seconds
Domain Reload Profiling:
	ReloadAssembly (1589ms)
		BeginReloadAssembly (166ms)
			ExecutionOrderSort (0ms)
			DisableScriptedObjects (12ms)
			BackupInstance (0ms)
			ReleaseScriptingObjects (0ms)
			CreateAndSetChildDomain (88ms)
		EndReloadAssembly (1332ms)
			LoadAssemblies (104ms)
			RebuildTransferFunctionScriptingTraits (0ms)
			SetupTypeCache (484ms)
			ReleaseScriptCaches (1ms)
			RebuildScriptCaches (80ms)
			SetupLoadedEditorAssemblies (451ms)
				LogAssemblyErrors (0ms)
				InitializePlatformSupportModulesInManaged (8ms)
				SetLoadedEditorAssemblies (1ms)
				RefreshPlugins (1ms)
				BeforeProcessingInitializeOnLoad (153ms)
				ProcessInitializeOnLoadAttributes (275ms)
				ProcessInitializeOnLoadMethodAttributes (13ms)
				AfterProcessingInitializeOnLoad (2ms)
				EditorAssembliesLoaded (0ms)
			ExecutionOrderSort2 (0ms)
			AwakeInstancesAfterBackupRestoration (22ms)
Platform modules already initialized, skipping
Refreshing native plugins compatible for Editor in 0.53 ms, found 3 plugins.
Preloading 0 native plugins for Editor in 0.00 ms.
Unloading 2304 Unused Serialized files (Serialized files now loaded: 0)
System memory in use before: 227.8 MB.
System memory in use after: 225.4 MB.

Unloading 56 unused Assets to reduce memory usage. Loaded Objects now: 2884.
Total: 4.526799 ms (FindLiveObjects: 0.212363 ms CreateObjectMapping: 0.085244 ms MarkObjects: 3.360092 ms  DeleteObjects: 0.868219 ms)

AssetImportParameters requested are different than current active one (requested -> active):
  custom:video-decoder-ogg-theora: a1e56fd34408186e4bbccfd4996cb3dc -> 
  custom:container-muxer-webm: aa71ff27fc2769a1b78a27578f13a17b -> 
  custom:container-demuxer-webm: 4f35f7cbe854078d1ac9338744f61a02 -> 
  custom:container-demuxer-ogg: 62fdf1f143b41e24485cea50d1cbac27 -> 
  custom:video-encoder-webm-vp8: eb34c28f22e8b96e1ab97ce403110664 -> 
  custom:framework-osx-AVFoundation: e770b220cccbd017edd2c1fefb359320 -> 
  custom:video-decoder-webm-vp8: 9c59270c3fd7afecdb556c50c9e8de78 -> 
  custom:audio-decoder-ogg-vorbis: bf7c407c2cedff20999df2af8eb42d56 -> 
  custom:audio-encoder-webm-vorbis: bf7c407c2cedff20999df2af8eb42d56 -> 
========================================================================
Received Prepare
Registering precompiled user dll's ...
Registered in 0.004345 seconds.
Begin MonoManager ReloadAssembly
Native extension for WindowsStandalone target not found
Native extension for OSXStandalone target not found
Native extension for WebGL target not found
Refreshing native plugins compatible for Editor in 0.60 ms, found 3 plugins.
Preloading 0 native plugins for Editor in 0.00 ms.
Mono: successfully reloaded assembly
- Completed reload, in  1.718 seconds
Domain Reload Profiling:
	ReloadAssembly (1718ms)
		BeginReloadAssembly (172ms)
			ExecutionOrderSort (0ms)
			DisableScriptedObjects (9ms)
			BackupInstance (0ms)
			ReleaseScriptingObjects (0ms)
			CreateAndSetChildDomain (89ms)
		EndReloadAssembly (1446ms)
			LoadAssemblies (115ms)
			RebuildTransferFunctionScriptingTraits (0ms)
			SetupTypeCache (522ms)
			ReleaseScriptCaches (1ms)
			RebuildScriptCaches (80ms)
			SetupLoadedEditorAssemblies (500ms)
				LogAssemblyErrors (0ms)
				InitializePlatformSupportModulesInManaged (9ms)
				SetLoadedEditorAssemblies (1ms)
				RefreshPlugins (1ms)
				BeforeProcessingInitializeOnLoad (162ms)
				ProcessInitializeOnLoadAttributes (313ms)
				ProcessInitializeOnLoadMethodAttributes (13ms)
				AfterProcessingInitializeOnLoad (2ms)
				EditorAssembliesLoaded (0ms)
			ExecutionOrderSort2 (0ms)
			AwakeInstancesAfterBackupRestoration (24ms)
Platform modules already initialized, skipping
Refreshing native plugins compatible for Editor in 0.56 ms, found 3 plugins.
Preloading 0 native plugins for Editor in 0.00 ms.
Unloading 2304 Unused Serialized files (Serialized files now loaded: 0)
System memory in use before: 228.0 MB.
System memory in use after: 225.6 MB.

Unloading 56 unused Assets to reduce memory usage. Loaded Objects now: 2897.
Total: 5.870681 ms (FindLiveObjects: 0.248094 ms CreateObjectMapping: 0.097471 ms MarkObjects: 4.094361 ms  DeleteObjects: 1.429642 ms)

AssetImportParameters requested are different than current active one (requested -> active):
  custom:video-decoder-ogg-theora: a1e56fd34408186e4bbccfd4996cb3dc -> 
  custom:container-muxer-webm: aa71ff27fc2769a1b78a27578f13a17b -> 
  custom:container-demuxer-webm: 4f35f7cbe854078d1ac9338744f61a02 -> 
  custom:container-demuxer-ogg: 62fdf1f143b41e24485cea50d1cbac27 -> 
  custom:video-encoder-webm-vp8: eb34c28f22e8b96e1ab97ce403110664 -> 
  custom:framework-osx-AVFoundation: e770b220cccbd017edd2c1fefb359320 -> 
  custom:video-decoder-webm-vp8: 9c59270c3fd7afecdb556c50c9e8de78 -> 
  custom:audio-decoder-ogg-vorbis: bf7c407c2cedff20999df2af8eb42d56 -> 
  custom:audio-encoder-webm-vorbis: bf7c407c2cedff20999df2af8eb42d56 -> 
========================================================================
Received Prepare
Registering precompiled user dll's ...
Registered in 0.005246 seconds.
Begin MonoManager ReloadAssembly
Native extension for WindowsStandalone target not found
Native extension for OSXStandalone target not found
Native extension for WebGL target not found
Refreshing native plugins compatible for Editor in 0.56 ms, found 3 plugins.
Preloading 0 native plugins for Editor in 0.00 ms.
Mono: successfully reloaded assembly
- Completed reload, in  1.628 seconds
Domain Reload Profiling:
	ReloadAssembly (1629ms)
		BeginReloadAssembly (169ms)
			ExecutionOrderSort (0ms)
			DisableScriptedObjects (10ms)
			BackupInstance (0ms)
			ReleaseScriptingObjects (0ms)
			CreateAndSetChildDomain (91ms)
		EndReloadAssembly (1374ms)
			LoadAssemblies (99ms)
			RebuildTransferFunctionScriptingTraits (0ms)
			SetupTypeCache (494ms)
			ReleaseScriptCaches (1ms)
			RebuildScriptCaches (69ms)
			SetupLoadedEditorAssemblies (487ms)
				LogAssemblyErrors (0ms)
				InitializePlatformSupportModulesInManaged (8ms)
				SetLoadedEditorAssemblies (1ms)
				RefreshPlugins (1ms)
				BeforeProcessingInitializeOnLoad (160ms)
				ProcessInitializeOnLoadAttributes (302ms)
				ProcessInitializeOnLoadMethodAttributes (14ms)
				AfterProcessingInitializeOnLoad (2ms)
				EditorAssembliesLoaded (0ms)
			ExecutionOrderSort2 (0ms)
			AwakeInstancesAfterBackupRestoration (25ms)
Platform modules already initialized, skipping
Refreshing native plugins compatible for Editor in 0.47 ms, found 3 plugins.
Preloading 0 native plugins for Editor in 0.00 ms.
Unloading 2304 Unused Serialized files (Serialized files now loaded: 0)
System memory in use before: 228.3 MB.
System memory in use after: 225.8 MB.

Unloading 56 unused Assets to reduce memory usage. Loaded Objects now: 2910.
Total: 4.667387 ms (FindLiveObjects: 0.229590 ms CreateObjectMapping: 0.087352 ms MarkObjects: 3.452602 ms  DeleteObjects: 0.896957 ms)

AssetImportParameters requested are different than current active one (requested -> active):
  custom:video-decoder-ogg-theora: a1e56fd34408186e4bbccfd4996cb3dc -> 
  custom:container-muxer-webm: aa71ff27fc2769a1b78a27578f13a17b -> 
  custom:container-demuxer-webm: 4f35f7cbe854078d1ac9338744f61a02 -> 
  custom:container-demuxer-ogg: 62fdf1f143b41e24485cea50d1cbac27 -> 
  custom:video-encoder-webm-vp8: eb34c28f22e8b96e1ab97ce403110664 -> 
  custom:framework-osx-AVFoundation: e770b220cccbd017edd2c1fefb359320 -> 
  custom:video-decoder-webm-vp8: 9c59270c3fd7afecdb556c50c9e8de78 -> 
  custom:audio-decoder-ogg-vorbis: bf7c407c2cedff20999df2af8eb42d56 -> 
  custom:audio-encoder-webm-vorbis: bf7c407c2cedff20999df2af8eb42d56 -> 
========================================================================
Received Prepare
Registering precompiled user dll's ...
Registered in 0.004145 seconds.
Begin MonoManager ReloadAssembly
Native extension for WindowsStandalone target not found
Native extension for OSXStandalone target not found
Native extension for WebGL target not found
Refreshing native plugins compatible for Editor in 0.54 ms, found 3 plugins.
Preloading 0 native plugins for Editor in 0.00 ms.
Mono: successfully reloaded assembly
- Completed reload, in  1.586 seconds
Domain Reload Profiling:
	ReloadAssembly (1587ms)
		BeginReloadAssembly (182ms)
			ExecutionOrderSort (0ms)
			DisableScriptedObjects (11ms)
			BackupInstance (0ms)
			ReleaseScriptingObjects (0ms)
			CreateAndSetChildDomain (99ms)
		EndReloadAssembly (1317ms)
			LoadAssemblies (99ms)
			RebuildTransferFunctionScriptingTraits (0ms)
			SetupTypeCache (472ms)
			ReleaseScriptCaches (1ms)
			RebuildScriptCaches (73ms)
			SetupLoadedEditorAssemblies (458ms)
				LogAssemblyErrors (0ms)
				InitializePlatformSupportModulesInManaged (11ms)
				SetLoadedEditorAssemblies (1ms)
				RefreshPlugins (1ms)
				BeforeProcessingInitializeOnLoad (153ms)
				ProcessInitializeOnLoadAttributes (278ms)
				ProcessInitializeOnLoadMethodAttributes (13ms)
				AfterProcessingInitializeOnLoad (2ms)
				EditorAssembliesLoaded (0ms)
			ExecutionOrderSort2 (0ms)
			AwakeInstancesAfterBackupRestoration (23ms)
Platform modules already initialized, skipping
Refreshing native plugins compatible for Editor in 0.76 ms, found 3 plugins.
Preloading 0 native plugins for Editor in 0.00 ms.
Unloading 2304 Unused Serialized files (Serialized files now loaded: 0)
System memory in use before: 228.4 MB.
System memory in use after: 225.9 MB.

Unloading 56 unused Assets to reduce memory usage. Loaded Objects now: 2923.
Total: 5.026066 ms (FindLiveObjects: 0.270077 ms CreateObjectMapping: 0.121060 ms MarkObjects: 3.531301 ms  DeleteObjects: 1.102391 ms)

AssetImportParameters requested are different than current active one (requested -> active):
  custom:video-decoder-ogg-theora: a1e56fd34408186e4bbccfd4996cb3dc -> 
  custom:container-muxer-webm: aa71ff27fc2769a1b78a27578f13a17b -> 
  custom:container-demuxer-webm: 4f35f7cbe854078d1ac9338744f61a02 -> 
  custom:container-demuxer-ogg: 62fdf1f143b41e24485cea50d1cbac27 -> 
  custom:video-encoder-webm-vp8: eb34c28f22e8b96e1ab97ce403110664 -> 
  custom:framework-osx-AVFoundation: e770b220cccbd017edd2c1fefb359320 -> 
  custom:video-decoder-webm-vp8: 9c59270c3fd7afecdb556c50c9e8de78 -> 
  custom:audio-decoder-ogg-vorbis: bf7c407c2cedff20999df2af8eb42d56 -> 
  custom:audio-encoder-webm-vorbis: bf7c407c2cedff20999df2af8eb42d56 -> 
========================================================================
Received Prepare
Registering precompiled user dll's ...
Registered in 0.006298 seconds.
Begin MonoManager ReloadAssembly
Native extension for WindowsStandalone target not found
Native extension for OSXStandalone target not found
Native extension for WebGL target not found
Refreshing native plugins compatible for Editor in 0.65 ms, found 3 plugins.
Preloading 0 native plugins for Editor in 0.00 ms.
Mono: successfully reloaded assembly
- Completed reload, in  1.571 seconds
Domain Reload Profiling:
	ReloadAssembly (1572ms)
		BeginReloadAssembly (166ms)
			ExecutionOrderSort (0ms)
			DisableScriptedObjects (9ms)
			BackupInstance (0ms)
			ReleaseScriptingObjects (0ms)
			CreateAndSetChildDomain (87ms)
		EndReloadAssembly (1300ms)
			LoadAssemblies (102ms)
			RebuildTransferFunctionScriptingTraits (0ms)
			SetupTypeCache (462ms)
			ReleaseScriptCaches (1ms)
			RebuildScriptCaches (69ms)
			SetupLoadedEditorAssemblies (456ms)
				LogAssemblyErrors (0ms)
				InitializePlatformSupportModulesInManaged (8ms)
				SetLoadedEditorAssemblies (1ms)
				RefreshPlugins (1ms)
				BeforeProcessingInitializeOnLoad (151ms)
				ProcessInitializeOnLoadAttributes (279ms)
				ProcessInitializeOnLoadMethodAttributes (14ms)
				AfterProcessingInitializeOnLoad (2ms)
				EditorAssembliesLoaded (0ms)
			ExecutionOrderSort2 (0ms)
			AwakeInstancesAfterBackupRestoration (23ms)
Platform modules already initialized, skipping
Refreshing native plugins compatible for Editor in 0.55 ms, found 3 plugins.
Preloading 0 native plugins for Editor in 0.00 ms.
Unloading 2304 Unused Serialized files (Serialized files now loaded: 0)
System memory in use before: 228.7 MB.
System memory in use after: 226.3 MB.

Unloading 56 unused Assets to reduce memory usage. Loaded Objects now: 2936.
Total: 4.747873 ms (FindLiveObjects: 0.260767 ms CreateObjectMapping: 0.118015 ms MarkObjects: 3.453043 ms  DeleteObjects: 0.915073 ms)

AssetImportParameters requested are different than current active one (requested -> active):
  custom:video-decoder-ogg-theora: a1e56fd34408186e4bbccfd4996cb3dc -> 
  custom:container-muxer-webm: aa71ff27fc2769a1b78a27578f13a17b -> 
  custom:container-demuxer-webm: 4f35f7cbe854078d1ac9338744f61a02 -> 
  custom:container-demuxer-ogg: 62fdf1f143b41e24485cea50d1cbac27 -> 
  custom:video-encoder-webm-vp8: eb34c28f22e8b96e1ab97ce403110664 -> 
  custom:framework-osx-AVFoundation: e770b220cccbd017edd2c1fefb359320 -> 
  custom:video-decoder-webm-vp8: 9c59270c3fd7afecdb556c50c9e8de78 -> 
  custom:audio-decoder-ogg-vorbis: bf7c407c2cedff20999df2af8eb42d56 -> 
  custom:audio-encoder-webm-vorbis: bf7c407c2cedff20999df2af8eb42d56 -> 
